<?xml version="1.0" encoding="UTF-8" ?>
<testsuite tests="4" failures="0" name="com.cineapps.dolby.utils.DolbyUtilsTest" time="0.122" errors="0" skipped="0">
  <properties>
[...]
</properties>
  <testcase classname="com.cineapps.dolby.utils.DolbyUtilsTest" name="testToSPLInfos" time="0.001"/>
  <testcase classname="com.cineapps.dolby.utils.DolbyUtilsTest" name="testToDolbyUUID" time="0.036"/>
  <testcase classname="com.cineapps.dolby.utils.DolbyUtilsTest" name="testToJavaUUID" time="0"/>
  <testcase classname="com.cineapps.dolby.utils.DolbyUtilsTest" name="testDurationToSeconds" time="0.085"/>
</testsuite>